# JRE version: OpenJDK Runtime Environment (11.0.3+12) (build 11.0.3+12-b304.39)
# Java VM: OpenJDK 64-Bit Server VM (11.0.3+12-b304.39, mixed mode, tiered, compressed oops, concurrent mark sweep gc, linux-amd64)
Heap:
 par new generation   total 39296K, used 11548K [0x0000000080000000, 0x0000000082aa0000, 0x00000000a9990000)
  eden space 34944K,  20% used [0x0000000080000000, 0x00000000807073b0, 0x0000000082220000)
  from space 4352K, 100% used [0x0000000082220000, 0x0000000082660000, 0x0000000082660000)
  to   space 4352K,   0% used [0x0000000082660000, 0x0000000082660000, 0x0000000082aa0000)
 concurrent mark-sweep generation total 87424K, used 34428K [0x00000000a9990000, 0x00000000aeef0000, 0x0000000100000000)
 Metaspace       used 68770K, capacity 70917K, committed 71284K, reserved 1112064K
  class space    used 8126K, capacity 9004K, committed 9084K, reserved 1048576K
GC Heap History (10 events):
Event: 0.904 GC heap before
{Heap before GC invocations=1 (full 0):
 par new generation   total 39296K, used 39295K [0x0000000080000000, 0x0000000082aa0000, 0x00000000a9990000)
  eden space 34944K, 100% used [0x0000000080000000, 0x0000000082220000, 0x0000000082220000)
  from space 4352K,  99% used [0x0000000082660000, 0x0000000082a9fc50, 0x0000000082aa0000)
  to   space 4352K,   0% used [0x0000000082220000, 0x0000000082220000, 0x0000000082660000)
 concurrent mark-sweep generation total 87424K, used 4830K [0x00000000a9990000, 0x00000000aeef0000, 0x0000000100000000)
 Metaspace       used 21983K, capacity 22589K, committed 22804K, reserved 1069056K
  class space    used 2268K, capacity 2527K, committed 2560K, reserved 1048576K
}
Event: 0.911 GC heap after
{Heap after GC invocations=2 (full 0):
 par new generation   total 39296K, used 4352K [0x0000000080000000, 0x0000000082aa0000, 0x00000000a9990000)
  eden space 34944K,   0% used [0x0000000080000000, 0x0000000080000000, 0x0000000082220000)
  from space 4352K, 100% used [0x0000000082220000, 0x0000000082660000, 0x0000000082660000)
  to   space 4352K,   0% used [0x0000000082660000, 0x0000000082660000, 0x0000000082aa0000)
 concurrent mark-sweep generation total 87424K, used 11027K [0x00000000a9990000, 0x00000000aeef0000, 0x0000000100000000)
 Metaspace       used 21983K, capacity 22589K, committed 22804K, reserved 1069056K
  class space    used 2268K, capacity 2527K, committed 2560K, reserved 1048576K
}
Event: 1.527 GC heap before
{Heap before GC invocations=2 (full 1):
 par new generation   total 39296K, used 39296K [0x0000000080000000, 0x0000000082aa0000, 0x00000000a9990000)
  eden space 34944K, 100% used [0x0000000080000000, 0x0000000082220000, 0x0000000082220000)
  from space 4352K, 100% used [0x0000000082220000, 0x0000000082660000, 0x0000000082660000)
  to   space 4352K,   0% used [0x0000000082660000, 0x0000000082660000, 0x0000000082aa0000)
 concurrent mark-sweep generation total 87424K, used 10918K [0x00000000a9990000, 0x00000000aeef0000, 0x0000000100000000)
 Metaspace       used 36487K, capacity 37361K, committed 37804K, reserved 1083392K
  class space    used 4148K, capacity 4527K, committed 4608K, reserved 1048576K
}
Event: 1.537 GC heap after
{Heap after GC invocations=3 (full 1):
 par new generation   total 39296K, used 4352K [0x0000000080000000, 0x0000000082aa0000, 0x00000000a9990000)
  eden space 34944K,   0% used [0x0000000080000000, 0x0000000080000000, 0x0000000082220000)
  from space 4352K, 100% used [0x0000000082660000, 0x0000000082aa0000, 0x0000000082aa0000)
  to   space 4352K,   0% used [0x0000000082220000, 0x0000000082220000, 0x0000000082660000)
 concurrent mark-sweep generation total 87424K, used 16914K [0x00000000a9990000, 0x00000000aeef0000, 0x0000000100000000)
 Metaspace       used 36487K, capacity 37361K, committed 37804K, reserved 1083392K
  class space    used 4148K, capacity 4527K, committed 4608K, reserved 1048576K
}
Event: 2.024 GC heap before
{Heap before GC invocations=3 (full 1):
 par new generation   total 39296K, used 39296K [0x0000000080000000, 0x0000000082aa0000, 0x00000000a9990000)
  eden space 34944K, 100% used [0x0000000080000000, 0x0000000082220000, 0x0000000082220000)
  from space 4352K, 100% used [0x0000000082660000, 0x0000000082aa0000, 0x0000000082aa0000)
  to   space 4352K,   0% used [0x0000000082220000, 0x0000000082220000, 0x0000000082660000)
 concurrent mark-sweep generation total 87424K, used 16914K [0x00000000a9990000, 0x00000000aeef0000, 0x0000000100000000)
 Metaspace       used 47239K, capacity 48310K, committed 48716K, reserved 1091584K
  class space    used 5340K, capacity 5798K, committed 5884K, reserved 1048576K
}
Event: 2.048 GC heap after
{Heap after GC invocations=4 (full 1):
 par new generation   total 39296K, used 4352K [0x0000000080000000, 0x0000000082aa0000, 0x00000000a9990000)
  eden space 34944K,   0% used [0x0000000080000000, 0x0000000080000000, 0x0000000082220000)
  from space 4352K, 100% used [0x0000000082220000, 0x0000000082660000, 0x0000000082660000)
  to   space 4352K,   0% used [0x0000000082660000, 0x0000000082660000, 0x0000000082aa0000)
 concurrent mark-sweep generation total 87424K, used 24778K [0x00000000a9990000, 0x00000000aeef0000, 0x0000000100000000)
 Metaspace       used 47239K, capacity 48310K, committed 48716K, reserved 1091584K
  class space    used 5340K, capacity 5798K, committed 5884K, reserved 1048576K
}
Event: 2.626 GC heap before
{Heap before GC invocations=4 (full 2):
 par new generation   total 39296K, used 39296K [0x0000000080000000, 0x0000000082aa0000, 0x00000000a9990000)
  eden space 34944K, 100% used [0x0000000080000000, 0x0000000082220000, 0x0000000082220000)
  from space 4352K, 100% used [0x0000000082220000, 0x0000000082660000, 0x0000000082660000)
  to   space 4352K,   0% used [0x0000000082660000, 0x0000000082660000, 0x0000000082aa0000)
 concurrent mark-sweep generation total 87424K, used 24192K [0x00000000a9990000, 0x00000000aeef0000, 0x0000000100000000)
 Metaspace       used 54857K, capacity 56389K, committed 56820K, reserved 1099776K
  class space    used 6171K, capacity 6765K, committed 6908K, reserved 1048576K
}
Event: 2.631 GC heap after
{Heap after GC invocations=5 (full 2):
 par new generation   total 39296K, used 4352K [0x0000000080000000, 0x0000000082aa0000, 0x00000000a9990000)
  eden space 34944K,   0% used [0x0000000080000000, 0x0000000080000000, 0x0000000082220000)
  from space 4352K, 100% used [0x0000000082660000, 0x0000000082aa0000, 0x0000000082aa0000)
  to   space 4352K,   0% used [0x0000000082220000, 0x0000000082220000, 0x0000000082660000)
 concurrent mark-sweep generation total 87424K, used 28764K [0x00000000a9990000, 0x00000000aeef0000, 0x0000000100000000)
 Metaspace       used 54857K, capacity 56389K, committed 56820K, reserved 1099776K
  class space    used 6171K, capacity 6765K, committed 6908K, reserved 1048576K
}
Event: 3.042 GC heap before
{Heap before GC invocations=5 (full 2):
 par new generation   total 39296K, used 39296K [0x0000000080000000, 0x0000000082aa0000, 0x00000000a9990000)
  eden space 34944K, 100% used [0x0000000080000000, 0x0000000082220000, 0x0000000082220000)
  from space 4352K, 100% used [0x0000000082660000, 0x0000000082aa0000, 0x0000000082aa0000)
  to   space 4352K,   0% used [0x0000000082220000, 0x0000000082220000, 0x0000000082660000)
 concurrent mark-sweep generation total 87424K, used 28764K [0x00000000a9990000, 0x00000000aeef0000, 0x0000000100000000)
 Metaspace       used 66243K, capacity 68169K, committed 68596K, reserved 1110016K
  class space    used 7797K, capacity 8594K, committed 8700K, reserved 1048576K
}
Event: 3.055 GC heap after
{Heap after GC invocations=6 (full 2):
 par new generation   total 39296K, used 4352K [0x0000000080000000, 0x0000000082aa0000, 0x00000000a9990000)
  eden space 34944K,   0% used [0x0000000080000000, 0x0000000080000000, 0x0000000082220000)
  from space 4352K, 100% used [0x0000000082220000, 0x0000000082660000, 0x0000000082660000)
  to   space 4352K,   0% used [0x0000000082660000, 0x0000000082660000, 0x0000000082aa0000)
 concurrent mark-sweep generation total 87424K, used 34428K [0x00000000a9990000, 0x00000000aeef0000, 0x0000000100000000)
 Metaspace       used 66243K, capacity 68169K, committed 68596K, reserved 1110016K
  class space    used 7797K, capacity 8594K, committed 8700K, reserved 1048576K
}

